<?xml version="1.0" encoding="UTF-8"?>
<!-- Generated by org.testng.reporters.JUnitReportReporter -->
<testsuite hostname="LAPTOP-425OC920" failures="0" tests="4" name="com.testng.TestngParameter" time="9.631" errors="2" timestamp="2024-08-29T15:23:33 IST" skipped="2">
  <testcase classname="com.testng.TestngParameter" name="login1" time="0.000">
    <skipped/>
  </testcase> <!-- login1 -->
  <system-out/>
  <testcase classname="com.testng.TestngParameter" name="login1" time="0.000">
    <skipped/>
  </testcase> <!-- login1 -->
  <system-out/>
  <testcase classname="com.testng.TestngParameter" name="before" time="3.807">
    <error message="session not created: This version of Microsoft Edge WebDriver only supports Microsoft Edge version 126
Current browser version is 128.0.2739.42 with binary path C:\Program Files (x86)\Microsoft\Edge\Application\msedge.exe
Build info: version: &#039;3.141.0&#039;, revision: &#039;2ecb7d9a&#039;, time: &#039;2018-10-31T20:09:30&#039;
System info: host: &#039;LAPTOP-425OC920&#039;, ip: &#039;192.168.1.85&#039;, os.name: &#039;Windows 10&#039;, os.arch: &#039;amd64&#039;, os.version: &#039;10.0&#039;, java.version: &#039;18.0.1.1&#039;
Driver info: driver.version: EdgeDriver
remote stacktrace: 	GetHandleVerifier [0x00007FF740E28132+13538]
	Microsoft::Applications::Events::EventProperty::~EventProperty [0x00007FF740DB1DE9+595465]
	(No symbol) [0x00007FF740BCE6CF]
	(No symbol) [0x00007FF740C03ECB]
	(No symbol) [0x00007FF740C03436]
	(No symbol) [0x00007FF740BFD8CB]
	(No symbol) [0x00007FF740BFA0F3]
	(No symbol) [0x00007FF740C3BE27]
	(No symbol) [0x00007FF740C31C63]
	(No symbol) [0x00007FF740C0766E]
	(No symbol) [0x00007FF740C0683C]
	(No symbol) [0x00007FF740C07221]
	Microsoft::Applications::Events::EventProperty::to_string [0x00007FF740FE96D4+1099860]
	Microsoft::Applications::Events::EventProperty::~EventProperty [0x00007FF740D2D8FC+53532]
	Microsoft::Applications::Events::EventProperty::~EventProperty [0x00007FF740D20E25+1605]
	Microsoft::Applications::Events::EventProperty::to_string [0x00007FF740FE8665+1095653]
	Microsoft::Applications::Events::ILogConfiguration::operator* [0x00007FF740DBC961+27777]
	Microsoft::Applications::Events::ILogConfiguration::operator* [0x00007FF740DB6CE4+4100]
	Microsoft::Applications::Events::ILogConfiguration::operator* [0x00007FF740DB6E1B+4411]
	Microsoft::Applications::Events::EventProperty::~EventProperty [0x00007FF740DACFA0+575424]
	BaseThreadInitThunk [0x00007FFBA7397374+20]
	RtlUserThreadStart [0x00007FFBA88DCC91+33]
" type="org.openqa.selenium.SessionNotCreatedException">
      <![CDATA[org.openqa.selenium.SessionNotCreatedException: session not created: This version of Microsoft Edge WebDriver only supports Microsoft Edge version 126
Current browser version is 128.0.2739.42 with binary path C:\Program Files (x86)\Microsoft\Edge\Application\msedge.exe
Build info: version: '3.141.0', revision: '2ecb7d9a', time: '2018-10-31T20:09:30'
System info: host: 'LAPTOP-425OC920', ip: '192.168.1.85', os.name: 'Windows 10', os.arch: 'amd64', os.version: '10.0', java.version: '18.0.1.1'
Driver info: driver.version: EdgeDriver
remote stacktrace: GetHandleVerifier [0x00007FF740E28132+13538]
Microsoft::Applications::Events::EventProperty::~EventProperty [0x00007FF740DB1DE9+595465]
(No symbol) [0x00007FF740BCE6CF]
(No symbol) [0x00007FF740C03ECB]
(No symbol) [0x00007FF740C03436]
(No symbol) [0x00007FF740BFD8CB]
(No symbol) [0x00007FF740BFA0F3]
(No symbol) [0x00007FF740C3BE27]
(No symbol) [0x00007FF740C31C63]
(No symbol) [0x00007FF740C0766E]
(No symbol) [0x00007FF740C0683C]
(No symbol) [0x00007FF740C07221]
Microsoft::Applications::Events::EventProperty::to_string [0x00007FF740FE96D4+1099860]
Microsoft::Applications::Events::EventProperty::~EventProperty [0x00007FF740D2D8FC+53532]
Microsoft::Applications::Events::EventProperty::~EventProperty [0x00007FF740D20E25+1605]
Microsoft::Applications::Events::EventProperty::to_string [0x00007FF740FE8665+1095653]
Microsoft::Applications::Events::ILogConfiguration::operator* [0x00007FF740DBC961+27777]
Microsoft::Applications::Events::ILogConfiguration::operator* [0x00007FF740DB6CE4+4100]
Microsoft::Applications::Events::ILogConfiguration::operator* [0x00007FF740DB6E1B+4411]
Microsoft::Applications::Events::EventProperty::~EventProperty [0x00007FF740DACFA0+575424]
BaseThreadInitThunk [0x00007FFBA7397374+20]
RtlUserThreadStart [0x00007FFBA88DCC91+33]

at java.base/jdk.internal.reflect.DirectConstructorHandleAccessor.newInstance(DirectConstructorHandleAccessor.java:67)
at java.base/java.lang.reflect.Constructor.newInstanceWithCaller(Constructor.java:499)
at java.base/java.lang.reflect.Constructor.newInstance(Constructor.java:483)
at org.openqa.selenium.remote.W3CHandshakeResponse.lambda$errorHandler$0(W3CHandshakeResponse.java:62)
at org.openqa.selenium.remote.HandshakeResponse.lambda$getResponseFunction$0(HandshakeResponse.java:30)
at org.openqa.selenium.remote.ProtocolHandshake.lambda$createSession$0(ProtocolHandshake.java:123)
at java.base/java.util.stream.ReferencePipeline$3$1.accept(ReferencePipeline.java:197)
at java.base/java.util.Spliterators$ArraySpliterator.tryAdvance(Spliterators.java:1002)
at java.base/java.util.stream.ReferencePipeline.forEachWithCancel(ReferencePipeline.java:129)
at java.base/java.util.stream.AbstractPipeline.copyIntoWithCancel(AbstractPipeline.java:527)
at java.base/java.util.stream.AbstractPipeline.copyInto(AbstractPipeline.java:513)
at java.base/java.util.stream.AbstractPipeline.wrapAndCopyInto(AbstractPipeline.java:499)
at java.base/java.util.stream.FindOps$FindOp.evaluateSequential(FindOps.java:150)
at java.base/java.util.stream.AbstractPipeline.evaluate(AbstractPipeline.java:234)
at java.base/java.util.stream.ReferencePipeline.findFirst(ReferencePipeline.java:647)
at org.openqa.selenium.remote.ProtocolHandshake.createSession(ProtocolHandshake.java:125)
at org.openqa.selenium.remote.ProtocolHandshake.createSession(ProtocolHandshake.java:74)
at org.openqa.selenium.remote.HttpCommandExecutor.execute(HttpCommandExecutor.java:136)
at org.openqa.selenium.remote.service.DriverCommandExecutor.execute(DriverCommandExecutor.java:83)
at org.openqa.selenium.remote.RemoteWebDriver.execute(RemoteWebDriver.java:552)
at org.openqa.selenium.remote.RemoteWebDriver.startSession(RemoteWebDriver.java:213)
at org.openqa.selenium.remote.RemoteWebDriver.<init>(RemoteWebDriver.java:131)
at org.openqa.selenium.edge.EdgeDriver.<init>(EdgeDriver.java:141)
at org.openqa.selenium.edge.EdgeDriver.<init>(EdgeDriver.java:96)
at com.testng.TestngParameter.before(TestngParameter.java:18)
at java.base/jdk.internal.reflect.DirectMethodHandleAccessor.invoke(DirectMethodHandleAccessor.java:104)
at java.base/java.lang.reflect.Method.invoke(Method.java:577)
at org.testng.internal.MethodInvocationHelper.invokeMethod(MethodInvocationHelper.java:133)
at org.testng.internal.MethodInvocationHelper.invokeMethodConsideringTimeout(MethodInvocationHelper.java:62)
at org.testng.internal.ConfigInvoker.invokeConfigurationMethod(ConfigInvoker.java:385)
at org.testng.internal.ConfigInvoker.invokeConfigurations(ConfigInvoker.java:321)
at org.testng.TestRunner.invokeTestConfigurations(TestRunner.java:637)
at org.testng.TestRunner.beforeRun(TestRunner.java:627)
at org.testng.TestRunner.run(TestRunner.java:589)
at org.testng.SuiteRunner.runTest(SuiteRunner.java:377)
at org.testng.SuiteRunner.runSequentially(SuiteRunner.java:371)
at org.testng.SuiteRunner.privateRun(SuiteRunner.java:332)
at org.testng.SuiteRunner.run(SuiteRunner.java:276)
at org.testng.SuiteRunnerWorker.runSuite(SuiteRunnerWorker.java:53)
at org.testng.SuiteRunnerWorker.run(SuiteRunnerWorker.java:96)
at org.testng.TestNG.runSuitesSequentially(TestNG.java:1212)
at org.testng.TestNG.runSuitesLocally(TestNG.java:1134)
at org.testng.TestNG.runSuites(TestNG.java:1063)
at org.testng.TestNG.run(TestNG.java:1031)
at org.testng.remote.AbstractRemoteTestNG.run(AbstractRemoteTestNG.java:115)
at org.testng.remote.RemoteTestNG.initAndRun(RemoteTestNG.java:293)
at org.testng.remote.RemoteTestNG.main(RemoteTestNG.java:91)
]]>
    </error>
  </testcase> <!-- before -->
  <system-out/>
  <testcase classname="com.testng.TestngParameter" name="before" time="5.824">
    <error message="session not created: This version of Microsoft Edge WebDriver only supports Microsoft Edge version 126
Current browser version is 128.0.2739.42 with binary path C:\Program Files (x86)\Microsoft\Edge\Application\msedge.exe
Build info: version: &#039;3.141.0&#039;, revision: &#039;2ecb7d9a&#039;, time: &#039;2018-10-31T20:09:30&#039;
System info: host: &#039;LAPTOP-425OC920&#039;, ip: &#039;192.168.1.85&#039;, os.name: &#039;Windows 10&#039;, os.arch: &#039;amd64&#039;, os.version: &#039;10.0&#039;, java.version: &#039;18.0.1.1&#039;
Driver info: driver.version: EdgeDriver
remote stacktrace: 	GetHandleVerifier [0x00007FF740E28132+13538]
	Microsoft::Applications::Events::EventProperty::~EventProperty [0x00007FF740DB1DE9+595465]
	(No symbol) [0x00007FF740BCE6CF]
	(No symbol) [0x00007FF740C03ECB]
	(No symbol) [0x00007FF740C03436]
	(No symbol) [0x00007FF740BFD8CB]
	(No symbol) [0x00007FF740BFA0F3]
	(No symbol) [0x00007FF740C3BE27]
	(No symbol) [0x00007FF740C31C63]
	(No symbol) [0x00007FF740C0766E]
	(No symbol) [0x00007FF740C0683C]
	(No symbol) [0x00007FF740C07221]
	Microsoft::Applications::Events::EventProperty::to_string [0x00007FF740FE96D4+1099860]
	Microsoft::Applications::Events::EventProperty::~EventProperty [0x00007FF740D2D8FC+53532]
	Microsoft::Applications::Events::EventProperty::~EventProperty [0x00007FF740D20E25+1605]
	Microsoft::Applications::Events::EventProperty::to_string [0x00007FF740FE8665+1095653]
	Microsoft::Applications::Events::ILogConfiguration::operator* [0x00007FF740DBC961+27777]
	Microsoft::Applications::Events::ILogConfiguration::operator* [0x00007FF740DB6CE4+4100]
	Microsoft::Applications::Events::ILogConfiguration::operator* [0x00007FF740DB6E1B+4411]
	Microsoft::Applications::Events::EventProperty::~EventProperty [0x00007FF740DACFA0+575424]
	BaseThreadInitThunk [0x00007FFBA7397374+20]
	RtlUserThreadStart [0x00007FFBA88DCC91+33]
" type="org.openqa.selenium.SessionNotCreatedException">
      <![CDATA[org.openqa.selenium.SessionNotCreatedException: session not created: This version of Microsoft Edge WebDriver only supports Microsoft Edge version 126
Current browser version is 128.0.2739.42 with binary path C:\Program Files (x86)\Microsoft\Edge\Application\msedge.exe
Build info: version: '3.141.0', revision: '2ecb7d9a', time: '2018-10-31T20:09:30'
System info: host: 'LAPTOP-425OC920', ip: '192.168.1.85', os.name: 'Windows 10', os.arch: 'amd64', os.version: '10.0', java.version: '18.0.1.1'
Driver info: driver.version: EdgeDriver
remote stacktrace: GetHandleVerifier [0x00007FF740E28132+13538]
Microsoft::Applications::Events::EventProperty::~EventProperty [0x00007FF740DB1DE9+595465]
(No symbol) [0x00007FF740BCE6CF]
(No symbol) [0x00007FF740C03ECB]
(No symbol) [0x00007FF740C03436]
(No symbol) [0x00007FF740BFD8CB]
(No symbol) [0x00007FF740BFA0F3]
(No symbol) [0x00007FF740C3BE27]
(No symbol) [0x00007FF740C31C63]
(No symbol) [0x00007FF740C0766E]
(No symbol) [0x00007FF740C0683C]
(No symbol) [0x00007FF740C07221]
Microsoft::Applications::Events::EventProperty::to_string [0x00007FF740FE96D4+1099860]
Microsoft::Applications::Events::EventProperty::~EventProperty [0x00007FF740D2D8FC+53532]
Microsoft::Applications::Events::EventProperty::~EventProperty [0x00007FF740D20E25+1605]
Microsoft::Applications::Events::EventProperty::to_string [0x00007FF740FE8665+1095653]
Microsoft::Applications::Events::ILogConfiguration::operator* [0x00007FF740DBC961+27777]
Microsoft::Applications::Events::ILogConfiguration::operator* [0x00007FF740DB6CE4+4100]
Microsoft::Applications::Events::ILogConfiguration::operator* [0x00007FF740DB6E1B+4411]
Microsoft::Applications::Events::EventProperty::~EventProperty [0x00007FF740DACFA0+575424]
BaseThreadInitThunk [0x00007FFBA7397374+20]
RtlUserThreadStart [0x00007FFBA88DCC91+33]

at java.base/jdk.internal.reflect.DirectConstructorHandleAccessor.newInstance(DirectConstructorHandleAccessor.java:67)
at java.base/java.lang.reflect.Constructor.newInstanceWithCaller(Constructor.java:499)
at java.base/java.lang.reflect.Constructor.newInstance(Constructor.java:483)
at org.openqa.selenium.remote.W3CHandshakeResponse.lambda$errorHandler$0(W3CHandshakeResponse.java:62)
at org.openqa.selenium.remote.HandshakeResponse.lambda$getResponseFunction$0(HandshakeResponse.java:30)
at org.openqa.selenium.remote.ProtocolHandshake.lambda$createSession$0(ProtocolHandshake.java:123)
at java.base/java.util.stream.ReferencePipeline$3$1.accept(ReferencePipeline.java:197)
at java.base/java.util.Spliterators$ArraySpliterator.tryAdvance(Spliterators.java:1002)
at java.base/java.util.stream.ReferencePipeline.forEachWithCancel(ReferencePipeline.java:129)
at java.base/java.util.stream.AbstractPipeline.copyIntoWithCancel(AbstractPipeline.java:527)
at java.base/java.util.stream.AbstractPipeline.copyInto(AbstractPipeline.java:513)
at java.base/java.util.stream.AbstractPipeline.wrapAndCopyInto(AbstractPipeline.java:499)
at java.base/java.util.stream.FindOps$FindOp.evaluateSequential(FindOps.java:150)
at java.base/java.util.stream.AbstractPipeline.evaluate(AbstractPipeline.java:234)
at java.base/java.util.stream.ReferencePipeline.findFirst(ReferencePipeline.java:647)
at org.openqa.selenium.remote.ProtocolHandshake.createSession(ProtocolHandshake.java:125)
at org.openqa.selenium.remote.ProtocolHandshake.createSession(ProtocolHandshake.java:74)
at org.openqa.selenium.remote.HttpCommandExecutor.execute(HttpCommandExecutor.java:136)
at org.openqa.selenium.remote.service.DriverCommandExecutor.execute(DriverCommandExecutor.java:83)
at org.openqa.selenium.remote.RemoteWebDriver.execute(RemoteWebDriver.java:552)
at org.openqa.selenium.remote.RemoteWebDriver.startSession(RemoteWebDriver.java:213)
at org.openqa.selenium.remote.RemoteWebDriver.<init>(RemoteWebDriver.java:131)
at org.openqa.selenium.edge.EdgeDriver.<init>(EdgeDriver.java:141)
at org.openqa.selenium.edge.EdgeDriver.<init>(EdgeDriver.java:96)
at com.testng.TestngParameter.before(TestngParameter.java:18)
at java.base/jdk.internal.reflect.DirectMethodHandleAccessor.invoke(DirectMethodHandleAccessor.java:104)
at java.base/java.lang.reflect.Method.invoke(Method.java:577)
at org.testng.internal.MethodInvocationHelper.invokeMethod(MethodInvocationHelper.java:133)
at org.testng.internal.MethodInvocationHelper.invokeMethodConsideringTimeout(MethodInvocationHelper.java:62)
at org.testng.internal.ConfigInvoker.invokeConfigurationMethod(ConfigInvoker.java:385)
at org.testng.internal.ConfigInvoker.invokeConfigurations(ConfigInvoker.java:321)
at org.testng.TestRunner.invokeTestConfigurations(TestRunner.java:637)
at org.testng.TestRunner.beforeRun(TestRunner.java:627)
at org.testng.TestRunner.run(TestRunner.java:589)
at org.testng.SuiteRunner.runTest(SuiteRunner.java:377)
at org.testng.SuiteRunner.runSequentially(SuiteRunner.java:371)
at org.testng.SuiteRunner.privateRun(SuiteRunner.java:332)
at org.testng.SuiteRunner.run(SuiteRunner.java:276)
at org.testng.SuiteRunnerWorker.runSuite(SuiteRunnerWorker.java:53)
at org.testng.SuiteRunnerWorker.run(SuiteRunnerWorker.java:96)
at org.testng.TestNG.runSuitesSequentially(TestNG.java:1212)
at org.testng.TestNG.runSuitesLocally(TestNG.java:1134)
at org.testng.TestNG.runSuites(TestNG.java:1063)
at org.testng.TestNG.run(TestNG.java:1031)
at org.testng.remote.AbstractRemoteTestNG.run(AbstractRemoteTestNG.java:115)
at org.testng.remote.RemoteTestNG.initAndRun(RemoteTestNG.java:293)
at org.testng.remote.RemoteTestNG.main(RemoteTestNG.java:91)
]]>
    </error>
  </testcase> <!-- before -->
  <system-out/>
</testsuite> <!-- com.testng.TestngParameter -->
