<?xml version="1.0" encoding="UTF-8"?>
<!-- Generated by org.testng.reporters.JUnitXMLReporter -->
<testsuite ignored="0" hostname="LAPTOP-425OC920" failures="0" tests="1" name="Test1" time="3.824" errors="0" timestamp="2024-08-29T15:23:32 IST">
  <testcase classname="com.testng.TestngParameter" name="@BeforeTest before" time="3.807">
    <failure type="org.openqa.selenium.SessionNotCreatedException" message="session not created: This version of Microsoft Edge WebDriver only supports Microsoft Edge version 126
Current browser version is 128.0.2739.42 with binary path C:\Program Files (x86)\Microsoft\Edge\Application\msedge.exe
Build info: version: &amp;apos;3.141.0&amp;apos;, revision: &amp;apos;2ecb7d9a&amp;apos;, time: &amp;apos;2018-10-31T20:09:30&amp;apos;
System info: host: &amp;apos;LAPTOP-425OC920&amp;apos;, ip: &amp;apos;192.168.1.85&amp;apos;, os.name: &amp;apos;Windows 10&amp;apos;, os.arch: &amp;apos;amd64&amp;apos;, os.version: &amp;apos;10.0&amp;apos;, java.version: &amp;apos;18.0.1.1&amp;apos;
Driver info: driver.version: EdgeDriver
remote stacktrace: 	GetHandleVerifier [0x00007FF740E28132+13538]
	Microsoft::Applications::Events::EventProperty::~EventProperty [0x00007FF740DB1DE9+595465]
	(No symbol) [0x00007FF740BCE6CF]
	(No symbol) [0x00007FF740C03ECB]
	(No symbol) [0x00007FF740C03436]
	(No symbol) [0x00007FF740BFD8CB]
	(No symbol) [0x00007FF740BFA0F3]
	(No symbol) [0x00007FF740C3BE27]
	(No symbol) [0x00007FF740C31C63]
	(No symbol) [0x00007FF740C0766E]
	(No symbol) [0x00007FF740C0683C]
	(No symbol) [0x00007FF740C07221]
	Microsoft::Applications::Events::EventProperty::to_string [0x00007FF740FE96D4+1099860]
	Microsoft::Applications::Events::EventProperty::~EventProperty [0x00007FF740D2D8FC+53532]
	Microsoft::Applications::Events::EventProperty::~EventProperty [0x00007FF740D20E25+1605]
	Microsoft::Applications::Events::EventProperty::to_string [0x00007FF740FE8665+1095653]
	Microsoft::Applications::Events::ILogConfiguration::operator* [0x00007FF740DBC961+27777]
	Microsoft::Applications::Events::ILogConfiguration::operator* [0x00007FF740DB6CE4+4100]
	Microsoft::Applications::Events::ILogConfiguration::operator* [0x00007FF740DB6E1B+4411]
	Microsoft::Applications::Events::EventProperty::~EventProperty [0x00007FF740DACFA0+575424]
	BaseThreadInitThunk [0x00007FFBA7397374+20]
	RtlUserThreadStart [0x00007FFBA88DCC91+33]
">
      <![CDATA[org.openqa.selenium.SessionNotCreatedException: session not created: This version of Microsoft Edge WebDriver only supports Microsoft Edge version 126
Current browser version is 128.0.2739.42 with binary path C:\Program Files (x86)\Microsoft\Edge\Application\msedge.exe
Build info: version: '3.141.0', revision: '2ecb7d9a', time: '2018-10-31T20:09:30'
System info: host: 'LAPTOP-425OC920', ip: '192.168.1.85', os.name: 'Windows 10', os.arch: 'amd64', os.version: '10.0', java.version: '18.0.1.1'
Driver info: driver.version: EdgeDriver
remote stacktrace: GetHandleVerifier [0x00007FF740E28132+13538]
Microsoft::Applications::Events::EventProperty::~EventProperty [0x00007FF740DB1DE9+595465]
(No symbol) [0x00007FF740BCE6CF]
(No symbol) [0x00007FF740C03ECB]
(No symbol) [0x00007FF740C03436]
(No symbol) [0x00007FF740BFD8CB]
(No symbol) [0x00007FF740BFA0F3]
(No symbol) [0x00007FF740C3BE27]
(No symbol) [0x00007FF740C31C63]
(No symbol) [0x00007FF740C0766E]
(No symbol) [0x00007FF740C0683C]
(No symbol) [0x00007FF740C07221]
Microsoft::Applications::Events::EventProperty::to_string [0x00007FF740FE96D4+1099860]
Microsoft::Applications::Events::EventProperty::~EventProperty [0x00007FF740D2D8FC+53532]
Microsoft::Applications::Events::EventProperty::~EventProperty [0x00007FF740D20E25+1605]
Microsoft::Applications::Events::EventProperty::to_string [0x00007FF740FE8665+1095653]
Microsoft::Applications::Events::ILogConfiguration::operator* [0x00007FF740DBC961+27777]
Microsoft::Applications::Events::ILogConfiguration::operator* [0x00007FF740DB6CE4+4100]
Microsoft::Applications::Events::ILogConfiguration::operator* [0x00007FF740DB6E1B+4411]
Microsoft::Applications::Events::EventProperty::~EventProperty [0x00007FF740DACFA0+575424]
BaseThreadInitThunk [0x00007FFBA7397374+20]
RtlUserThreadStart [0x00007FFBA88DCC91+33]

at org.openqa.selenium.remote.W3CHandshakeResponse.lambda$errorHandler$0(W3CHandshakeResponse.java:62)
at org.openqa.selenium.remote.HandshakeResponse.lambda$getResponseFunction$0(HandshakeResponse.java:30)
at org.openqa.selenium.remote.ProtocolHandshake.lambda$createSession$0(ProtocolHandshake.java:123)
at java.base/java.util.stream.ReferencePipeline$3$1.accept(ReferencePipeline.java:197)
at java.base/java.util.Spliterators$ArraySpliterator.tryAdvance(Spliterators.java:1002)
at java.base/java.util.stream.ReferencePipeline.forEachWithCancel(ReferencePipeline.java:129)
at java.base/java.util.stream.AbstractPipeline.copyIntoWithCancel(AbstractPipeline.java:527)
at java.base/java.util.stream.AbstractPipeline.copyInto(AbstractPipeline.java:513)
at java.base/java.util.stream.AbstractPipeline.wrapAndCopyInto(AbstractPipeline.java:499)
at java.base/java.util.stream.FindOps$FindOp.evaluateSequential(FindOps.java:150)
at java.base/java.util.stream.AbstractPipeline.evaluate(AbstractPipeline.java:234)
at java.base/java.util.stream.ReferencePipeline.findFirst(ReferencePipeline.java:647)
at org.openqa.selenium.remote.ProtocolHandshake.createSession(ProtocolHandshake.java:125)
at org.openqa.selenium.remote.ProtocolHandshake.createSession(ProtocolHandshake.java:74)
at org.openqa.selenium.remote.HttpCommandExecutor.execute(HttpCommandExecutor.java:136)
at org.openqa.selenium.remote.service.DriverCommandExecutor.execute(DriverCommandExecutor.java:83)
at org.openqa.selenium.remote.RemoteWebDriver.execute(RemoteWebDriver.java:552)
at org.openqa.selenium.remote.RemoteWebDriver.startSession(RemoteWebDriver.java:213)
at org.openqa.selenium.remote.RemoteWebDriver.<init>(RemoteWebDriver.java:131)
at org.openqa.selenium.edge.EdgeDriver.<init>(EdgeDriver.java:141)
at org.openqa.selenium.edge.EdgeDriver.<init>(EdgeDriver.java:96)
at com.testng.TestngParameter.before(TestngParameter.java:18)
... Removed 25 stack frames]]>
    </failure>
  </testcase> <!-- @BeforeTest before -->
  <testcase classname="com.testng.TestngParameter" name="@AfterTest after" time="-1.724925212558E9">
    <skipped/>
  </testcase> <!-- @AfterTest after -->
  <testcase classname="com.testng.TestngParameter" name="login1" time="0.0">
    <skipped/>
  </testcase> <!-- login1 -->
</testsuite> <!-- Test1 -->
